#
# A fatal error has been detected by the Java Runtime Environment:
#
#  Internal Error (jvmciRuntime.cpp:1630), pid=18096, tid=17080
#  fatal error: Fatal exception in JVMCI: Exception during JVMCI compiler initialization
#
# JRE version: Java(TM) SE Runtime Environment Oracle GraalVM 17.0.10+11.1 (17.0.10+11) (build 17.0.10+11-LTS-jvmci-23.0-b27)
# Java VM: Java HotSpot(TM) 64-Bit Server VM Oracle GraalVM 17.0.10+11.1 (17.0.10+11-LTS-jvmci-23.0-b27, mixed mode, sharing, tiered, jvmci, jvmci compiler, compressed oops, compressed class ptrs, g1 gc, windows-amd64)
# No core dump will be written. Minidumps are not enabled by default on client versions of Windows
#
# If you would like to submit a bug report, please visit:
#   https://bugreport.java.com/bugreport/crash.jsp
#

---------------  S U M M A R Y ------------

Command Line: -XX:ThreadPriorityPolicy=1 -XX:+UnlockExperimentalVMOptions -XX:+EnableJVMCIProduct -XX:-UnlockExperimentalVMOptions -javaagent:D:\IntelliJ IDEA Community Edition 2023.3.6\lib\idea_rt.jar=56140:D:\IntelliJ IDEA Community Edition 2023.3.6\bin -Dfile.encoding=UTF-8 com.br.mstravelplan.mstravelplan

Host: Intel(R) Core(TM) i5-10600KF CPU @ 4.10GHz, 12 cores, 15G,  Windows 10 , 64 bit Build 19041 (10.0.19041.3155)
Time: Mon Apr 15 17:05:05 2024 Hora oficial do Brasil elapsed time: 8955.047302 seconds (0d 2h 29m 15s)

---------------  T H R E A D  ---------------

Current thread (0x000001d0cf9b0550):  JavaThread "JVMCI-native CompilerThread0" daemon [_thread_in_vm, id=17080, stack(0x00000017db000000,0x00000017db100000)]


Current CompileTask:
JVMCI-native:8955047 9724   !   4       java.util.Map::forEach (81 bytes)

Stack: [0x00000017db000000,0x00000017db100000]
Native frames: (J=compiled Java code, j=interpreted, Vv=VM code, C=native code)
V  [jvm.dll+0x66d22a]
V  [jvm.dll+0x7cdafe]
V  [jvm.dll+0x7cf49e]
V  [jvm.dll+0x24550b]
V  [jvm.dll+0x4b1eea]
V  [jvm.dll+0x226d4b]
V  [jvm.dll+0x22514e]
V  [jvm.dll+0x783c2c]
V  [jvm.dll+0x77e05a]
V  [jvm.dll+0x66c105]
C  [ucrtbase.dll+0x21bb2]
C  [KERNEL32.DLL+0x17614]
C  [ntdll.dll+0x526b1]


---------------  P R O C E S S  ---------------

Threads class SMR info:
_java_thread_list=0x000001d08081dfe0, length=39, elements={
0x000001d0cf872530, 0x000001d0cf8733b0, 0x000001d0cf882fd0, 0x000001d0cf884c10,
0x000001d0cf8876e0, 0x000001d0cf8880a0, 0x000001d0cf9b0550, 0x000001d0cf9b1000,
0x000001d0cf9ba1d0, 0x000001d0cf855420, 0x000001d08027bc80, 0x000001d08027c160,
0x000001d080586030, 0x000001d080c3d650, 0x000001d081fcbef0, 0x000001d081fca5a0,
0x000001d081fcb9e0, 0x000001d081fcc910, 0x000001d081fcc400, 0x000001d081fca090,
0x000001d081fcce20, 0x000001d081fcd330, 0x000001d081fcd840, 0x000001d08286bb80,
0x000001d082867ec0, 0x000001d082866f90, 0x000001d08286a740, 0x000001d082869d20,
0x000001d0828674a0, 0x000001d08286cab0, 0x000001d082869300, 0x000001d0828683d0,
0x000001d0828679b0, 0x000001d08286c090, 0x000001d08286cfc0, 0x000001d082868df0,
0x000001d08286c5a0, 0x000001d08286a230, 0x000001d0828688e0
}

Java Threads: ( => current thread )
  0x000001d0cf872530 JavaThread "Reference Handler" daemon [_thread_blocked, id=18384, stack(0x00000017daa00000,0x00000017dab00000)]
  0x000001d0cf8733b0 JavaThread "Finalizer" daemon [_thread_blocked, id=12052, stack(0x00000017dab00000,0x00000017dac00000)]
  0x000001d0cf882fd0 JavaThread "Signal Dispatcher" daemon [_thread_blocked, id=2556, stack(0x00000017dac00000,0x00000017dad00000)]
  0x000001d0cf884c10 JavaThread "Attach Listener" daemon [_thread_blocked, id=17228, stack(0x00000017dad00000,0x00000017dae00000)]
  0x000001d0cf8876e0 JavaThread "Service Thread" daemon [_thread_blocked, id=9572, stack(0x00000017dae00000,0x00000017daf00000)]
  0x000001d0cf8880a0 JavaThread "Monitor Deflation Thread" daemon [_thread_blocked, id=16736, stack(0x00000017daf00000,0x00000017db000000)]
=>0x000001d0cf9b0550 JavaThread "JVMCI-native CompilerThread0" daemon [_thread_in_vm, id=17080, stack(0x00000017db000000,0x00000017db100000)]
  0x000001d0cf9b1000 JavaThread "C1 CompilerThread0" daemon [_thread_blocked, id=15036, stack(0x00000017db100000,0x00000017db200000)]
  0x000001d0cf9ba1d0 JavaThread "Sweeper thread" daemon [_thread_blocked, id=16824, stack(0x00000017db200000,0x00000017db300000)]
  0x000001d0cf855420 JavaThread "Common-Cleaner" daemon [_thread_blocked, id=17680, stack(0x00000017db300000,0x00000017db400000)]
  0x000001d08027bc80 JavaThread "Monitor Ctrl-Break" daemon [_thread_in_native, id=17140, stack(0x00000017db600000,0x00000017db700000)]
  0x000001d08027c160 JavaThread "Notification Thread" daemon [_thread_blocked, id=16744, stack(0x00000017db700000,0x00000017db800000)]
  0x000001d080586030 JavaThread "HikariPool-1 housekeeper" daemon [_thread_blocked, id=2632, stack(0x00000017dc600000,0x00000017dc700000)]
  0x000001d080c3d650 JavaThread "Catalina-utility-1" [_thread_blocked, id=18124, stack(0x00000017dc700000,0x00000017dc800000)]
  0x000001d081fcbef0 JavaThread "Catalina-utility-2" [_thread_blocked, id=6888, stack(0x00000017dc800000,0x00000017dc900000)]
  0x000001d081fca5a0 JavaThread "container-0" [_thread_blocked, id=18360, stack(0x00000017dc900000,0x00000017dca00000)]
  0x000001d081fcb9e0 JavaThread "File Watcher" daemon [_thread_blocked, id=13796, stack(0x00000017dcb00000,0x00000017dcc00000)]
  0x000001d081fcc910 JavaThread "Live Reload Server" daemon [_thread_in_native, id=17636, stack(0x00000017dcd00000,0x00000017dce00000)]
  0x000001d081fcc400 JavaThread "spring.cloud.inetutils" daemon [_thread_blocked, id=17152, stack(0x00000017dcc00000,0x00000017dcd00000)]
  0x000001d081fca090 JavaThread "http-nio-auto-1-exec-1" daemon [_thread_blocked, id=11308, stack(0x00000017dce00000,0x00000017dcf00000)]
  0x000001d081fcce20 JavaThread "http-nio-auto-1-exec-2" daemon [_thread_blocked, id=15984, stack(0x00000017dcf00000,0x00000017dd000000)]
  0x000001d081fcd330 JavaThread "http-nio-auto-1-exec-3" daemon [_thread_blocked, id=3396, stack(0x00000017dd000000,0x00000017dd100000)]
  0x000001d081fcd840 JavaThread "http-nio-auto-1-exec-4" daemon [_thread_blocked, id=6596, stack(0x00000017dd100000,0x00000017dd200000)]
  0x000001d08286bb80 JavaThread "http-nio-auto-1-exec-5" daemon [_thread_blocked, id=9496, stack(0x00000017dd200000,0x00000017dd300000)]
  0x000001d082867ec0 JavaThread "http-nio-auto-1-exec-6" daemon [_thread_blocked, id=17884, stack(0x00000017dd300000,0x00000017dd400000)]
  0x000001d082866f90 JavaThread "http-nio-auto-1-exec-7" daemon [_thread_blocked, id=13884, stack(0x00000017dd400000,0x00000017dd500000)]
  0x000001d08286a740 JavaThread "http-nio-auto-1-exec-8" daemon [_thread_blocked, id=12188, stack(0x00000017dd500000,0x00000017dd600000)]
  0x000001d082869d20 JavaThread "http-nio-auto-1-exec-9" daemon [_thread_blocked, id=16792, stack(0x00000017dd600000,0x00000017dd700000)]
  0x000001d0828674a0 JavaThread "http-nio-auto-1-exec-10" daemon [_thread_blocked, id=10372, stack(0x00000017dd700000,0x00000017dd800000)]
  0x000001d08286cab0 JavaThread "http-nio-auto-1-Poller" daemon [_thread_in_native, id=16992, stack(0x00000017dd800000,0x00000017dd900000)]
  0x000001d082869300 JavaThread "http-nio-auto-1-Acceptor" daemon [_thread_in_native, id=6016, stack(0x00000017dd900000,0x00000017dda00000)]
  0x000001d0828683d0 JavaThread "AsyncResolver-bootstrap-0" daemon [_thread_blocked, id=10480, stack(0x00000017dda00000,0x00000017ddb00000)]
  0x000001d0828679b0 JavaThread "DiscoveryClient-0" daemon [_thread_blocked, id=15656, stack(0x00000017ddb00000,0x00000017ddc00000)]
  0x000001d08286c090 JavaThread "DiscoveryClient-1" daemon [_thread_blocked, id=16052, stack(0x00000017ddc00000,0x00000017ddd00000)]
  0x000001d08286cfc0 JavaThread "DiscoveryClient-InstanceInfoReplicator-0" daemon [_thread_blocked, id=12024, stack(0x00000017ddd00000,0x00000017dde00000)]
  0x000001d082868df0 JavaThread "DestroyJavaVM" [_thread_blocked, id=12120, stack(0x00000017da300000,0x00000017da400000)]
  0x000001d08286c5a0 JavaThread "DiscoveryClient-CacheRefreshExecutor-0" daemon [_thread_blocked, id=15228, stack(0x00000017dc100000,0x00000017dc200000)]
  0x000001d08286a230 JavaThread "DiscoveryClient-HeartbeatExecutor-0" daemon [_thread_blocked, id=7704, stack(0x00000017dc200000,0x00000017dc300000)]
  0x000001d0828688e0 JavaThread "AsyncResolver-bootstrap-executor-0" daemon [_thread_blocked, id=16192, stack(0x00000017da000000,0x00000017da100000)]

Other Threads:
  0x000001d0cf86e930 VMThread "VM Thread" [stack: 0x00000017da900000,0x00000017daa00000] [id=7868]
  0x000001d08027cac0 WatcherThread [stack: 0x00000017db800000,0x00000017db900000] [id=15908]
  0x000001d0a7c7e7e0 GCTaskThread "GC Thread#0" [stack: 0x00000017da400000,0x00000017da500000] [id=17308]
  0x000001d080843ef0 GCTaskThread "GC Thread#1" [stack: 0x00000017db900000,0x00000017dba00000] [id=15812]
  0x000001d0805770e0 GCTaskThread "GC Thread#2" [stack: 0x00000017dba00000,0x00000017dbb00000] [id=10760]
  0x000001d0805773a0 GCTaskThread "GC Thread#3" [stack: 0x00000017dbb00000,0x00000017dbc00000] [id=2780]
  0x000001d08088e1a0 GCTaskThread "GC Thread#4" [stack: 0x00000017dbc00000,0x00000017dbd00000] [id=13364]
  0x000001d080886040 GCTaskThread "GC Thread#5" [stack: 0x00000017dbd00000,0x00000017dbe00000] [id=8456]
  0x000001d0808f38b0 GCTaskThread "GC Thread#6" [stack: 0x00000017dbe00000,0x00000017dbf00000] [id=17652]
  0x000001d0808f3b70 GCTaskThread "GC Thread#7" [stack: 0x00000017dbf00000,0x00000017dc000000] [id=10640]
  0x000001d0808f4230 GCTaskThread "GC Thread#8" [stack: 0x00000017dc000000,0x00000017dc100000] [id=15732]
  0x000001d0809e1170 GCTaskThread "GC Thread#9" [stack: 0x00000017dc300000,0x00000017dc400000] [id=15540]
  0x000001d0a9dab3e0 ConcurrentGCThread "G1 Main Marker" [stack: 0x00000017da500000,0x00000017da600000] [id=18068]
  0x000001d0a9dabd00 ConcurrentGCThread "G1 Conc#0" [stack: 0x00000017da600000,0x00000017da700000] [id=10624]
  0x000001d08105bc70 ConcurrentGCThread "G1 Conc#1" [stack: 0x00000017dc400000,0x00000017dc500000] [id=1884]
  0x000001d08105bf30 ConcurrentGCThread "G1 Conc#2" [stack: 0x00000017dc500000,0x00000017dc600000] [id=17468]
  0x000001d0cf7230f0 ConcurrentGCThread "G1 Refine#0" [stack: 0x00000017da700000,0x00000017da800000] [id=14520]
  0x000001d0cf723b20 ConcurrentGCThread "G1 Service" [stack: 0x00000017da800000,0x00000017da900000] [id=6912]

Threads with active compile tasks:
JVMCI-native CompilerThread0  8955063 9724   !   4       java.util.Map::forEach (81 bytes)

VM state: not at safepoint (normal execution)

VM Mutex/Monitor currently owned by a thread: None

Heap address: 0x0000000702000000, size: 4064 MB, Compressed Oops mode: Zero based, Oop shift amount: 3

CDS archive(s) mapped at: [0x000001d0d0000000-0x000001d0d0bd0000-0x000001d0d0bd0000), size 12386304, SharedBaseAddress: 0x000001d0d0000000, ArchiveRelocationMode: 1.
Compressed class space mapped at: 0x000001d0d1000000-0x000001d111000000, reserved size: 1073741824
Narrow klass base: 0x000001d0d0000000, Narrow klass shift: 0, Narrow klass range: 0x100000000

GC Precious Log:
 CPUs: 12 total, 12 available
 Memory: 16251M
 Large Page Support: Disabled
 NUMA Support: Disabled
 Compressed Oops: Enabled (Zero based)
 Heap Region Size: 2M
 Heap Min Capacity: 8M
 Heap Initial Capacity: 254M
 Heap Max Capacity: 4064M
 Pre-touch: Disabled
 Parallel Workers: 10
 Concurrent Workers: 3
 Concurrent Refinement Workers: 10
 Periodic GC: Disabled

Heap:
 garbage-first heap   total 122880K, used 55599K [0x0000000702000000, 0x0000000800000000)
  region size 2048K, 11 young (22528K), 1 survivors (2048K)
 Metaspace       used 73487K, committed 73856K, reserved 1114112K
  class space    used 9273K, committed 9472K, reserved 1048576K

Heap Regions: E=young(eden), S=young(survivor), O=old, HS=humongous(starts), HC=humongous(continues), CS=collection set, F=free, OA=open archive, CA=closed archive, TAMS=top-at-mark-start (previous, next)
|   0|0x0000000702000000, 0x0000000702200000, 0x0000000702200000|100%| O|  |TAMS 0x0000000702200000, 0x0000000702000000| Untracked 
|   1|0x0000000702200000, 0x0000000702400000, 0x0000000702400000|100%| O|  |TAMS 0x0000000702400000, 0x0000000702200000| Untracked 
|   2|0x0000000702400000, 0x0000000702600000, 0x0000000702600000|100%| O|  |TAMS 0x0000000702600000, 0x0000000702400000| Untracked 
|   3|0x0000000702600000, 0x0000000702800000, 0x0000000702800000|100%| O|  |TAMS 0x0000000702800000, 0x0000000702600000| Untracked 
|   4|0x0000000702800000, 0x00000007028a2a00, 0x0000000702a00000| 31%| O|  |TAMS 0x00000007028a2a00, 0x0000000702800000| Untracked 
|   5|0x0000000702a00000, 0x0000000702c00000, 0x0000000702c00000|100%| O|  |TAMS 0x0000000702c00000, 0x0000000702a00000| Untracked 
|   6|0x0000000702c00000, 0x0000000702e00000, 0x0000000702e00000|100%| O|  |TAMS 0x0000000702e00000, 0x0000000702c00000| Untracked 
|   7|0x0000000702e00000, 0x0000000703000000, 0x0000000703000000|100%| O|  |TAMS 0x0000000703000000, 0x0000000702e00000| Untracked 
|   8|0x0000000703000000, 0x0000000703200000, 0x0000000703200000|100%| O|  |TAMS 0x0000000703200000, 0x0000000703000000| Untracked 
|   9|0x0000000703200000, 0x0000000703400000, 0x0000000703400000|100%| O|  |TAMS 0x0000000703400000, 0x0000000703200000| Untracked 
|  10|0x0000000703400000, 0x0000000703600000, 0x0000000703600000|100%| O|  |TAMS 0x0000000703600000, 0x0000000703400000| Untracked 
|  11|0x0000000703600000, 0x0000000703800000, 0x0000000703800000|100%| O|  |TAMS 0x0000000703800000, 0x0000000703600000| Untracked 
|  12|0x0000000703800000, 0x0000000703a00000, 0x0000000703a00000|100%| O|  |TAMS 0x0000000703a00000, 0x0000000703800000| Untracked 
|  13|0x0000000703a00000, 0x0000000703c00000, 0x0000000703c00000|100%| O|  |TAMS 0x0000000703b42c00, 0x0000000703a00000| Untracked 
|  14|0x0000000703c00000, 0x0000000703cb0208, 0x0000000703e00000| 34%| O|  |TAMS 0x0000000703c00000, 0x0000000703c00000| Untracked 
|  15|0x0000000703e00000, 0x0000000704000000, 0x0000000704000000|100%| O|  |TAMS 0x0000000703e00000, 0x0000000703e00000| Untracked 
|  16|0x0000000704000000, 0x0000000704200000, 0x0000000704200000|100%| O|  |TAMS 0x0000000704000000, 0x0000000704000000| Untracked 
|  17|0x0000000704200000, 0x0000000704400000, 0x0000000704400000|100%| O|  |TAMS 0x0000000704200000, 0x0000000704200000| Untracked 
|  18|0x0000000704400000, 0x0000000704591400, 0x0000000704600000| 78%| O|  |TAMS 0x0000000704400000, 0x0000000704400000| Untracked 
|  19|0x0000000704600000, 0x0000000704600000, 0x0000000704800000|  0%| F|  |TAMS 0x0000000704600000, 0x0000000704600000| Untracked 
|  20|0x0000000704800000, 0x0000000704800000, 0x0000000704a00000|  0%| F|  |TAMS 0x0000000704800000, 0x0000000704800000| Untracked 
|  21|0x0000000704a00000, 0x0000000704a00000, 0x0000000704c00000|  0%| F|  |TAMS 0x0000000704a00000, 0x0000000704a00000| Untracked 
|  22|0x0000000704c00000, 0x0000000704c00000, 0x0000000704e00000|  0%| F|  |TAMS 0x0000000704c00000, 0x0000000704c00000| Untracked 
|  23|0x0000000704e00000, 0x0000000704e00000, 0x0000000705000000|  0%| F|  |TAMS 0x0000000704e00000, 0x0000000704e00000| Untracked 
|  24|0x0000000705000000, 0x0000000705000000, 0x0000000705200000|  0%| F|  |TAMS 0x0000000705000000, 0x0000000705000000| Untracked 
|  25|0x0000000705200000, 0x0000000705200000, 0x0000000705400000|  0%| F|  |TAMS 0x0000000705200000, 0x0000000705200000| Untracked 
|  26|0x0000000705400000, 0x0000000705400000, 0x0000000705600000|  0%| F|  |TAMS 0x0000000705400000, 0x0000000705400000| Untracked 
|  27|0x0000000705600000, 0x0000000705600000, 0x0000000705800000|  0%| F|  |TAMS 0x0000000705600000, 0x0000000705600000| Untracked 
|  28|0x0000000705800000, 0x0000000705800000, 0x0000000705a00000|  0%| F|  |TAMS 0x0000000705800000, 0x0000000705800000| Untracked 
|  29|0x0000000705a00000, 0x0000000705b67c60, 0x0000000705c00000| 70%| S|CS|TAMS 0x0000000705a00000, 0x0000000705a00000| Complete 
|  30|0x0000000705c00000, 0x0000000705c00000, 0x0000000705e00000|  0%| F|  |TAMS 0x0000000705c00000, 0x0000000705c00000| Untracked 
|  31|0x0000000705e00000, 0x0000000705e00000, 0x0000000706000000|  0%| F|  |TAMS 0x0000000705e00000, 0x0000000705e00000| Untracked 
|  32|0x0000000706000000, 0x0000000706000000, 0x0000000706200000|  0%| F|  |TAMS 0x0000000706000000, 0x0000000706000000| Untracked 
|  33|0x0000000706200000, 0x0000000706200000, 0x0000000706400000|  0%| F|  |TAMS 0x0000000706200000, 0x0000000706200000| Untracked 
|  34|0x0000000706400000, 0x0000000706400000, 0x0000000706600000|  0%| F|  |TAMS 0x0000000706400000, 0x0000000706400000| Untracked 
|  35|0x0000000706600000, 0x0000000706600000, 0x0000000706800000|  0%| F|  |TAMS 0x0000000706600000, 0x0000000706600000| Untracked 
|  36|0x0000000706800000, 0x0000000706800000, 0x0000000706a00000|  0%| F|  |TAMS 0x0000000706800000, 0x0000000706800000| Untracked 
|  37|0x0000000706a00000, 0x0000000706a00000, 0x0000000706c00000|  0%| F|  |TAMS 0x0000000706a00000, 0x0000000706a00000| Untracked 
|  38|0x0000000706c00000, 0x0000000706c00000, 0x0000000706e00000|  0%| F|  |TAMS 0x0000000706c00000, 0x0000000706c00000| Untracked 
|  39|0x0000000706e00000, 0x0000000706e00000, 0x0000000707000000|  0%| F|  |TAMS 0x0000000706e00000, 0x0000000706e00000| Untracked 
|  40|0x0000000707000000, 0x0000000707000000, 0x0000000707200000|  0%| F|  |TAMS 0x0000000707000000, 0x0000000707000000| Untracked 
|  41|0x0000000707200000, 0x0000000707200000, 0x0000000707400000|  0%| F|  |TAMS 0x0000000707200000, 0x0000000707200000| Untracked 
|  42|0x0000000707400000, 0x0000000707400000, 0x0000000707600000|  0%| F|  |TAMS 0x0000000707400000, 0x0000000707400000| Untracked 
|  43|0x0000000707600000, 0x0000000707600000, 0x0000000707800000|  0%| F|  |TAMS 0x0000000707600000, 0x0000000707600000| Untracked 
|  44|0x0000000707800000, 0x0000000707800000, 0x0000000707a00000|  0%| F|  |TAMS 0x0000000707800000, 0x0000000707800000| Untracked 
|  45|0x0000000707a00000, 0x0000000707a00000, 0x0000000707c00000|  0%| F|  |TAMS 0x0000000707a00000, 0x0000000707a00000| Untracked 
|  46|0x0000000707c00000, 0x0000000707c00000, 0x0000000707e00000|  0%| F|  |TAMS 0x0000000707c00000, 0x0000000707c00000| Untracked 
|  47|0x0000000707e00000, 0x0000000707e00000, 0x0000000708000000|  0%| F|  |TAMS 0x0000000707e00000, 0x0000000707e00000| Untracked 
|  48|0x0000000708000000, 0x0000000708000000, 0x0000000708200000|  0%| F|  |TAMS 0x0000000708000000, 0x0000000708000000| Untracked 
|  49|0x0000000708200000, 0x0000000708200000, 0x0000000708400000|  0%| F|  |TAMS 0x0000000708200000, 0x0000000708200000| Untracked 
|  50|0x0000000708400000, 0x00000007085a4590, 0x0000000708600000| 82%| E|  |TAMS 0x0000000708400000, 0x0000000708400000| Complete 
|  51|0x0000000708600000, 0x0000000708800000, 0x0000000708800000|100%| E|CS|TAMS 0x0000000708600000, 0x0000000708600000| Complete 
|  52|0x0000000708800000, 0x0000000708a00000, 0x0000000708a00000|100%| E|CS|TAMS 0x0000000708800000, 0x0000000708800000| Complete 
|  53|0x0000000708a00000, 0x0000000708c00000, 0x0000000708c00000|100%| E|CS|TAMS 0x0000000708a00000, 0x0000000708a00000| Complete 
|  54|0x0000000708c00000, 0x0000000708e00000, 0x0000000708e00000|100%| E|CS|TAMS 0x0000000708c00000, 0x0000000708c00000| Complete 
|  55|0x0000000708e00000, 0x0000000709000000, 0x0000000709000000|100%| E|CS|TAMS 0x0000000708e00000, 0x0000000708e00000| Complete 
|  56|0x0000000709000000, 0x0000000709200000, 0x0000000709200000|100%| E|CS|TAMS 0x0000000709000000, 0x0000000709000000| Complete 
|  57|0x0000000709200000, 0x0000000709400000, 0x0000000709400000|100%| E|CS|TAMS 0x0000000709200000, 0x0000000709200000| Complete 
|  58|0x0000000709400000, 0x0000000709600000, 0x0000000709600000|100%| E|CS|TAMS 0x0000000709400000, 0x0000000709400000| Complete 
| 126|0x0000000711c00000, 0x0000000711e00000, 0x0000000711e00000|100%| E|CS|TAMS 0x0000000711c00000, 0x0000000711c00000| Complete 

Card table byte_map: [0x000001d0c3d10000,0x000001d0c4500000] _byte_map_base: 0x000001d0c0500000

Marking Bits (Prev, Next): (CMBitMap*) 0x000001d0a9d9acf0, (CMBitMap*) 0x000001d0a9d9acb0
 Prev Bits: [0x000001d0c8c70000, 0x000001d0ccbf0000)
 Next Bits: [0x000001d0c4cf0000, 0x000001d0c8c70000)

Polling page: 0x000001d0a7ca0000

Metaspace:

Usage:
  Non-class:     62.71 MB used.
      Class:      9.06 MB used.
       Both:     71.76 MB used.

Virtual space:
  Non-class space:       64.00 MB reserved,      62.88 MB ( 98%) committed,  1 nodes.
      Class space:        1.00 GB reserved,       9.25 MB ( <1%) committed,  1 nodes.
             Both:        1.06 GB reserved,      72.12 MB (  7%) committed. 

Chunk freelists:
   Non-Class:  450.00 KB
       Class:  6.63 MB
        Both:  7.07 MB

MaxMetaspaceSize: unlimited
CompressedClassSpaceSize: 1.00 GB
Initial GC threshold: 21.00 MB
Current GC threshold: 95.94 MB
CDS: on
MetaspaceReclaimPolicy: balanced
 - commit_granule_bytes: 65536.
 - commit_granule_words: 8192.
 - virtual_space_node_default_size: 8388608.
 - enlarge_chunks_in_place: 1.
 - new_chunks_are_fully_committed: 0.
 - uncommit_free_chunks: 1.
 - use_allocation_guard: 0.
 - handle_deallocations: 1.


Internal statistics:

num_allocs_failed_limit: 6.
num_arena_births: 542.
num_arena_deaths: 0.
num_vsnodes_births: 2.
num_vsnodes_deaths: 0.
num_space_committed: 1154.
num_space_uncommitted: 0.
num_chunks_returned_to_freelist: 6.
num_chunks_taken_from_freelist: 3131.
num_chunk_merges: 6.
num_chunk_splits: 2243.
num_chunks_enlarged: 1786.
num_inconsistent_stats: 0.

CodeHeap 'non-profiled nmethods': size=119488Kb used=3664Kb max_used=3664Kb free=115823Kb
 bounds [0x000001d0bbb20000, 0x000001d0bbec0000, 0x000001d0c2fd0000]
CodeHeap 'profiled nmethods': size=119424Kb used=18357Kb max_used=18357Kb free=101066Kb
 bounds [0x000001d0b3fd0000, 0x000001d0b51c0000, 0x000001d0bb470000]
CodeHeap 'non-nmethods': size=6848Kb used=1341Kb max_used=2481Kb free=5506Kb
 bounds [0x000001d0bb470000, 0x000001d0bb6f0000, 0x000001d0bbb20000]
 total_blobs=8580 nmethods=7909 adapters=571
 compilation: enabled
              stopped_count=0, restarted_count=0
 full_count=0

JVMCI Events (20 events):
Event: 8926.007 Thread 0x000001d0cf9b0550 releasing handles for JVMCI runtime 0: oop handles=88, metadata handles={total=160, live=142, blocks=45}
Event: 8926.007 Thread 0x000001d0cf9b0550 detached from JVMCI runtime 0
Event: 8942.197 Thread 0x000001d0cf9b0550 attached to JVMCI runtime 0
Event: 8942.198 Thread 0x000001d0cf9b0550 created JavaVM[240]@0x000001d115b33940 for JVMCI runtime 0
Event: 8942.198 Thread 0x000001d0cf9b0550 initializing JVMCI runtime 0
Event: 8942.198 Thread 0x000001d0cf9b0550 done waiting for JavaVM references initialization in JVMCI runtime 0
Event: 8942.198 Thread 0x000001d0cf9b0550 initialized JVMCI runtime 0
Event: 8942.260 Thread 0x000001d0cf9b0550 compacted oop handles in JVMCI runtime 0 from 143 to 136
Event: 8943.274 Thread 0x000001d0cf9b0550 detaching from JVMCI runtime 0: releasing idle compiler thread (0 other threads still attached)
Event: 8943.274 Thread 0x000001d0cf9b0550 shutting down HotSpotJVMCIRuntime for JVMCI runtime 0
Event: 8943.274 Thread 0x000001d0cf9b0550 compacted oop handles in JVMCI runtime 0 from 136 to 115
Event: 8943.274 Thread 0x000001d0cf9b0550 shut down JVMCI runtime 0
Event: 8943.276 Thread 0x000001d0cf9b0550 destroyed JavaVM[240]@0x000001d115b33940 for JVMCI runtime 0
Event: 8943.276 Thread 0x000001d0cf9b0550 releasing handles for JVMCI runtime 0: oop handles=115, metadata handles={total=256, live=253, blocks=45}
Event: 8943.276 Thread 0x000001d0cf9b0550 detached from JVMCI runtime 0
Event: 8955.003 Thread 0x000001d0cf9b0550 attached to JVMCI runtime 0
Event: 8955.004 Thread 0x000001d0cf9b0550 created JavaVM[241]@0x000001d115b33940 for JVMCI runtime 0
Event: 8955.004 Thread 0x000001d0cf9b0550 initializing JVMCI runtime 0
Event: 8955.004 Thread 0x000001d0cf9b0550 done waiting for JavaVM references initialization in JVMCI runtime 0
Event: 8955.004 Thread 0x000001d0cf9b0550 initialized JVMCI runtime 0

Compilation events (20 events):
Event: 8894.958 Thread 0x000001d0cf9b1000 nmethod 9714 0x000001d0b51bad90 code [0x000001d0b51baf40, 0x000001d0b51bb2f8]
Event: 8895.006 Thread 0x000001d0cf9b0550 9715       4       java.util.HashSet::isEmpty (8 bytes)
Event: 8895.012 Thread 0x000001d0cf9b0550 nmethod 9715 0x000001d0bbead390 code [0x000001d0bbead500, 0x000001d0bbead598]
Event: 8898.821 Thread 0x000001d0cf9b1000 9716       3       java.util.HashMap::clear (50 bytes)
Event: 8898.821 Thread 0x000001d0cf9b1000 nmethod 9716 0x000001d0b51bb390 code [0x000001d0b51bb540, 0x000001d0b51bba98]
Event: 8899.488 Thread 0x000001d0cf9b1000 9717       1       org.h2.command.Prepared::setCommand (6 bytes)
Event: 8899.488 Thread 0x000001d0cf9b1000 nmethod 9717 0x000001d0bbead690 code [0x000001d0bbead820, 0x000001d0bbead938]
Event: 8899.488 Thread 0x000001d0cf9b1000 9718       1       org.h2.engine.Session::isJoinBatchEnabled (5 bytes)
Event: 8899.488 Thread 0x000001d0cf9b1000 nmethod 9718 0x000001d0bbead990 code [0x000001d0bbeadb20, 0x000001d0bbeadbf8]
Event: 8903.447 Thread 0x000001d0cf9b1000 9719       3       java.util.Arrays::copyOf (19 bytes)
Event: 8903.447 Thread 0x000001d0cf9b1000 nmethod 9719 0x000001d0b51bbb90 code [0x000001d0b51bbd40, 0x000001d0b51bc028]
Event: 8904.523 Thread 0x000001d0cf9b1000 9720   !   3       org.h2.engine.Session::commit (171 bytes)
Event: 8904.524 Thread 0x000001d0cf9b1000 nmethod 9720 0x000001d0b51bc190 code [0x000001d0b51bc460, 0x000001d0b51bd468]
Event: 8924.982 Thread 0x000001d0cf9b0550 9721       4       java.util.regex.Pattern$Branch::match (66 bytes)
Event: 8925.001 Thread 0x000001d0cf9b0550 nmethod 9721 0x000001d0bbeadc90 code [0x000001d0bbeade60, 0x000001d0bbeae6f0]
Event: 8942.197 Thread 0x000001d0cf9b0550 9722       4       java.util.AbstractCollection::addAll (42 bytes)
Event: 8942.260 Thread 0x000001d0cf9b0550 nmethod 9722 0x000001d0bbeaed90 code [0x000001d0bbeaf260, 0x000001d0bbeb28f0]
Event: 8955.003 Thread 0x000001d0cf9b0550 9723       4       org.springframework.web.util.UriComponentsBuilder$CompositePathComponentBuilder::getLastBuilder (37 bytes)
Event: 8955.011 Thread 0x000001d0cf9b0550 nmethod 9723 0x000001d0bbeb3c90 code [0x000001d0bbeb3e20, 0x000001d0bbeb40d8]
Event: 8955.011 Thread 0x000001d0cf9b0550 9724   !   4       java.util.Map::forEach (81 bytes)

GC Heap History (20 events):
Event: 5.251 GC heap before
{Heap before GC invocations=11 (full 0):
 garbage-first heap   total 61440K, used 41774K [0x0000000702000000, 0x0000000800000000)
  region size 2048K, 11 young (22528K), 1 survivors (2048K)
 Metaspace       used 40652K, committed 40960K, reserved 1114112K
  class space    used 5019K, committed 5184K, reserved 1048576K
}
Event: 5.253 GC heap after
{Heap after GC invocations=12 (full 0):
 garbage-first heap   total 61440K, used 24428K [0x0000000702000000, 0x0000000800000000)
  region size 2048K, 2 young (4096K), 2 survivors (4096K)
 Metaspace       used 40652K, committed 40960K, reserved 1114112K
  class space    used 5019K, committed 5184K, reserved 1048576K
}
Event: 5.541 GC heap before
{Heap before GC invocations=12 (full 0):
 garbage-first heap   total 61440K, used 42860K [0x0000000702000000, 0x0000000800000000)
  region size 2048K, 11 young (22528K), 2 survivors (4096K)
 Metaspace       used 46053K, committed 46400K, reserved 1114112K
  class space    used 5930K, committed 6080K, reserved 1048576K
}
Event: 5.543 GC heap after
{Heap after GC invocations=13 (full 0):
 garbage-first heap   total 61440K, used 25597K [0x0000000702000000, 0x0000000800000000)
  region size 2048K, 2 young (4096K), 2 survivors (4096K)
 Metaspace       used 46053K, committed 46400K, reserved 1114112K
  class space    used 5930K, committed 6080K, reserved 1048576K
}
Event: 5.941 GC heap before
{Heap before GC invocations=13 (full 0):
 garbage-first heap   total 61440K, used 46077K [0x0000000702000000, 0x0000000800000000)
  region size 2048K, 12 young (24576K), 2 survivors (4096K)
 Metaspace       used 51579K, committed 51968K, reserved 1114112K
  class space    used 6810K, committed 6976K, reserved 1048576K
}
Event: 5.943 GC heap after
{Heap after GC invocations=14 (full 0):
 garbage-first heap   total 61440K, used 26712K [0x0000000702000000, 0x0000000800000000)
  region size 2048K, 2 young (4096K), 2 survivors (4096K)
 Metaspace       used 51579K, committed 51968K, reserved 1114112K
  class space    used 6810K, committed 6976K, reserved 1048576K
}
Event: 6.163 GC heap before
{Heap before GC invocations=14 (full 0):
 garbage-first heap   total 61440K, used 45144K [0x0000000702000000, 0x0000000800000000)
  region size 2048K, 11 young (22528K), 2 survivors (4096K)
 Metaspace       used 54246K, committed 54592K, reserved 1114112K
  class space    used 7152K, committed 7296K, reserved 1048576K
}
Event: 6.165 GC heap after
{Heap after GC invocations=15 (full 0):
 garbage-first heap   total 61440K, used 28037K [0x0000000702000000, 0x0000000800000000)
  region size 2048K, 2 young (4096K), 2 survivors (4096K)
 Metaspace       used 54246K, committed 54592K, reserved 1114112K
  class space    used 7152K, committed 7296K, reserved 1048576K
}
Event: 6.380 GC heap before
{Heap before GC invocations=15 (full 0):
 garbage-first heap   total 61440K, used 46469K [0x0000000702000000, 0x0000000800000000)
  region size 2048K, 11 young (22528K), 2 survivors (4096K)
 Metaspace       used 56315K, committed 56704K, reserved 1114112K
  class space    used 7433K, committed 7616K, reserved 1048576K
}
Event: 6.382 GC heap after
{Heap after GC invocations=16 (full 0):
 garbage-first heap   total 61440K, used 29532K [0x0000000702000000, 0x0000000800000000)
  region size 2048K, 2 young (4096K), 2 survivors (4096K)
 Metaspace       used 56315K, committed 56704K, reserved 1114112K
  class space    used 7433K, committed 7616K, reserved 1048576K
}
Event: 6.630 GC heap before
{Heap before GC invocations=16 (full 0):
 garbage-first heap   total 61440K, used 45916K [0x0000000702000000, 0x0000000800000000)
  region size 2048K, 10 young (20480K), 2 survivors (4096K)
 Metaspace       used 58563K, committed 58944K, reserved 1114112K
  class space    used 7736K, committed 7872K, reserved 1048576K
}
Event: 6.632 GC heap after
{Heap after GC invocations=17 (full 0):
 garbage-first heap   total 161792K, used 31223K [0x0000000702000000, 0x0000000800000000)
  region size 2048K, 2 young (4096K), 2 survivors (4096K)
 Metaspace       used 58563K, committed 58944K, reserved 1114112K
  class space    used 7736K, committed 7872K, reserved 1048576K
}
Event: 716.311 GC heap before
{Heap before GC invocations=18 (full 0):
 garbage-first heap   total 122880K, used 100855K [0x0000000702000000, 0x0000000800000000)
  region size 2048K, 36 young (73728K), 2 survivors (4096K)
 Metaspace       used 68649K, committed 69120K, reserved 1114112K
  class space    used 8957K, committed 9216K, reserved 1048576K
}
Event: 716.315 GC heap after
{Heap after GC invocations=19 (full 0):
 garbage-first heap   total 122880K, used 36362K [0x0000000702000000, 0x0000000800000000)
  region size 2048K, 5 young (10240K), 5 survivors (10240K)
 Metaspace       used 68649K, committed 69120K, reserved 1114112K
  class space    used 8957K, committed 9216K, reserved 1048576K
}
Event: 3268.513 GC heap before
{Heap before GC invocations=19 (full 0):
 garbage-first heap   total 122880K, used 91658K [0x0000000702000000, 0x0000000800000000)
  region size 2048K, 32 young (65536K), 5 survivors (10240K)
 Metaspace       used 69427K, committed 69952K, reserved 1114112K
  class space    used 8961K, committed 9216K, reserved 1048576K
}
Event: 3268.518 GC heap after
{Heap after GC invocations=20 (full 0):
 garbage-first heap   total 122880K, used 37242K [0x0000000702000000, 0x0000000800000000)
  region size 2048K, 1 young (2048K), 1 survivors (2048K)
 Metaspace       used 69427K, committed 69952K, reserved 1114112K
  class space    used 8961K, committed 9216K, reserved 1048576K
}
Event: 5316.591 GC heap before
{Heap before GC invocations=20 (full 0):
 garbage-first heap   total 122880K, used 94586K [0x0000000702000000, 0x0000000800000000)
  region size 2048K, 29 young (59392K), 1 survivors (2048K)
 Metaspace       used 72699K, committed 73152K, reserved 1114112K
  class space    used 9271K, committed 9472K, reserved 1048576K
}
Event: 5316.593 GC heap after
{Heap after GC invocations=21 (full 0):
 garbage-first heap   total 122880K, used 37146K [0x0000000702000000, 0x0000000800000000)
  region size 2048K, 1 young (2048K), 1 survivors (2048K)
 Metaspace       used 72699K, committed 73152K, reserved 1114112K
  class space    used 9271K, committed 9472K, reserved 1048576K
}
Event: 8054.293 GC heap before
{Heap before GC invocations=21 (full 0):
 garbage-first heap   total 122880K, used 96538K [0x0000000702000000, 0x0000000800000000)
  region size 2048K, 30 young (61440K), 1 survivors (2048K)
 Metaspace       used 73410K, committed 73792K, reserved 1114112K
  class space    used 9272K, committed 9472K, reserved 1048576K
}
Event: 8054.295 GC heap after
{Heap after GC invocations=22 (full 0):
 garbage-first heap   total 122880K, used 37167K [0x0000000702000000, 0x0000000800000000)
  region size 2048K, 1 young (2048K), 1 survivors (2048K)
 Metaspace       used 73410K, committed 73792K, reserved 1114112K
  class space    used 9272K, committed 9472K, reserved 1048576K
}

Deoptimization events (20 events):
Event: 4310.267 Thread 0x000001d081fcce20 DEOPT PACKING pc=0x000001d0bbca4b46 sp=0x00000017dcffc520
Event: 4310.267 Thread 0x000001d081fcce20 DEOPT UNPACKING pc=0x000001d0bb4c2945 sp=0x00000017dcffb9e8 mode 3
Event: 4691.441 Thread 0x000001d08286a230 DEOPT PACKING pc=0x000001d0b4437352 sp=0x00000017dc2fe2f0
Event: 4691.441 Thread 0x000001d08286a230 DEOPT UNPACKING pc=0x000001d0bb4c2945 sp=0x00000017dc2fd790 mode 0
Event: 5532.155 Thread 0x000001d08286a230 DEOPT PACKING pc=0x000001d0b444e0c0 sp=0x00000017dc2fe190
Event: 5532.155 Thread 0x000001d08286a230 DEOPT UNPACKING pc=0x000001d0bb4c2945 sp=0x00000017dc2fd6a8 mode 0
Event: 6763.187 Thread 0x000001d08286a230 Uncommon trap: trap_request=0xffffffcd fr.pc=0x000001d0bbe8be98 relative=0x0000000000000e58
Event: 6763.187 Thread 0x000001d08286a230 Uncommon trap: reason=intrinsic_or_type_checked_inlining action=reinterpret pc=0x000001d0bbe8be98 method=com.fasterxml.jackson.databind.type.TypeFactory._fromAny(Lcom/fasterxml/jackson/databind/type/ClassStack;Ljava/lang/reflect/Type;Lcom/fasterxml/jackso
Event: 6763.187 Thread 0x000001d08286a230 DEOPT PACKING pc=0x000001d0bbe8be98 sp=0x00000017dc2fce40
Event: 6763.187 Thread 0x000001d08286a230 DEOPT UNPACKING pc=0x000001d0bb4c2945 sp=0x00000017dc2fc320 mode 3
Event: 6880.495 Thread 0x000001d080c3d650 Uncommon trap: trap_request=0xffffffc4 fr.pc=0x000001d0bbe934a5 relative=0x0000000000000205
Event: 6880.495 Thread 0x000001d080c3d650 Uncommon trap: reason=bimorphic_or_optimized_type_check action=make_not_entrant pc=0x000001d0bbe934a5 method=java.util.HashMap.valuesToArray([Ljava/lang/Object;)[Ljava/lang/Object; @ 0 jvmci
Event: 6880.495 Thread 0x000001d080c3d650 DEOPT PACKING pc=0x000001d0bbe934a5 sp=0x00000017dc7ff020
Event: 6880.495 Thread 0x000001d080c3d650 DEOPT UNPACKING pc=0x000001d0bb4c2945 sp=0x00000017dc7fe480 mode 3
Event: 7080.665 Thread 0x000001d080c3d650 Uncommon trap: trap_request=0xffffffc4 fr.pc=0x000001d0bbe9412e relative=0x000000000000020e
Event: 7080.665 Thread 0x000001d080c3d650 Uncommon trap: reason=bimorphic_or_optimized_type_check action=make_not_entrant pc=0x000001d0bbe9412e method=java.util.HashMap.valuesToArray([Ljava/lang/Object;)[Ljava/lang/Object; @ 46 jvmci
Event: 7080.665 Thread 0x000001d080c3d650 DEOPT PACKING pc=0x000001d0bbe9412e sp=0x00000017dc7ff020
Event: 7080.665 Thread 0x000001d080c3d650 DEOPT UNPACKING pc=0x000001d0bb4c2945 sp=0x00000017dc7fe480 mode 3
Event: 8354.521 Thread 0x000001d08286a230 DEOPT PACKING pc=0x000001d0b444e0c0 sp=0x00000017dc2fe110
Event: 8354.521 Thread 0x000001d08286a230 DEOPT UNPACKING pc=0x000001d0bb4c2945 sp=0x00000017dc2fd628 mode 0

Classes unloaded (0 events):
No events

Classes redefined (0 events):
No events

Internal exceptions (20 events):
Event: 6.711 Thread 0x000001d08094d5f0 Exception <a 'java/lang/ClassNotFoundException'{0x0000000711d78e90}: org/springframework/aop/framework/AopInfrastructureBeanCustomizer> (0x0000000711d78e90) 
thrown [s\open\src\hotspot\share\classfile\systemDictionary.cpp, line 256]
Event: 6.900 Thread 0x000001d08094d5f0 Exception <a 'java/lang/NoSuchMethodError'{0x0000000708a17540}: 'java.lang.Object java.lang.invoke.DirectMethodHandle$Holder.invokeSpecial(java.lang.Object, java.lang.Object, int, java.lang.Object, int, java.lang.Object)'> (0x0000000708a17540) 
thrown [s\open\src\hotspot\share\interpreter\linkResolver.cpp, line 759]
Event: 6.901 Thread 0x000001d08094d5f0 Exception <a 'java/lang/NoSuchMethodError'{0x0000000708a1f788}: 'java.lang.Object java.lang.invoke.DirectMethodHandle$Holder.newInvokeSpecial(java.lang.Object, java.lang.Object, int, java.lang.Object, int)'> (0x0000000708a1f788) 
thrown [s\open\src\hotspot\share\interpreter\linkResolver.cpp, line 759]
Event: 6.901 Thread 0x000001d08094d5f0 Exception <a 'java/lang/NoSuchMethodError'{0x0000000708a23888}: 'java.lang.Object java.lang.invoke.DirectMethodHandle$Holder.invokeSpecial(java.lang.Object, java.lang.Object, java.lang.Object, int, java.lang.Object, int)'> (0x0000000708a23888) 
thrown [s\open\src\hotspot\share\interpreter\linkResolver.cpp, line 759]
Event: 6.902 Thread 0x000001d08094d5f0 Exception <a 'java/lang/NoSuchMethodError'{0x0000000708a2d780}: 'void java.lang.invoke.DirectMethodHandle$Holder.invokeVirtual(java.lang.Object, java.lang.Object)'> (0x0000000708a2d780) 
thrown [s\open\src\hotspot\share\interpreter\linkResolver.cpp, line 759]
Event: 6.968 Thread 0x000001d08094d5f0 Exception <a 'java/lang/IncompatibleClassChangeError'{0x0000000708510dd0}: Found class java.lang.Object, but interface was expected> (0x0000000708510dd0) 
thrown [s\open\src\hotspot\share\interpreter\linkResolver.cpp, line 826]
Event: 7.074 Thread 0x000001d08094d5f0 Exception <a 'sun/nio/fs/WindowsException'{0x0000000707e35150}> (0x0000000707e35150) 
thrown [s\open\src\hotspot\share\prims\jni.cpp, line 516]
Event: 7.214 Thread 0x000001d08094d5f0 Implicit null exception at 0x000001d0bbbdc8e0 to 0x000001d0bbbdc9fa
Event: 314.229 Thread 0x000001d081fca090 Exception <a 'java/lang/NoSuchMethodError'{0x00000007061564d0}: 'java.lang.Object java.lang.invoke.DirectMethodHandle$Holder.invokeStatic(java.lang.Object, int, int)'> (0x00000007061564d0) 
thrown [s\open\src\hotspot\share\interpreter\linkResolver.cpp, line 759]
Event: 3268.518 Thread 0x000001d0cf8733b0 Exception <a 'java/net/SocketException'{0x0000000711c008d0}: Connection reset by peer: shutdown> (0x0000000711c008d0) 
thrown [s\open\src\hotspot\share\prims\jni.cpp, line 535]
Event: 4289.123 Thread 0x000001d081fca090 Exception <a 'java/lang/ClassNotFoundException'{0x00000007079cec90}: java/lang/ObjectCustomizer> (0x00000007079cec90) 
thrown [s\open\src\hotspot\share\classfile\systemDictionary.cpp, line 256]
Event: 4289.124 Thread 0x000001d081fca090 Exception <a 'java/lang/ClassNotFoundException'{0x00000007079dbb60}: com/br/mspolicycoverage/domain/PolicyCoverageCustomizer> (0x00000007079dbb60) 
thrown [s\open\src\hotspot\share\classfile\systemDictionary.cpp, line 256]
Event: 4310.264 Thread 0x000001d081fcce20 Exception <a 'java/lang/NoSuchMethodError'{0x00000007077c90b8}: 'java.lang.Object java.lang.invoke.DirectMethodHandle$Holder.invokeStaticInit(java.lang.Object, java.lang.Object, java.lang.Object, java.lang.Object, java.lang.Object, java.lang.Object)'> (0x00000007077c90b8) 
thrown [s\open\src\hotspot\share\interpreter\linkResolver.cpp, line 759]
Event: 5316.593 Thread 0x000001d0cf8733b0 Exception <a 'java/net/SocketException'{0x0000000711c17a10}: Connection reset by peer: shutdown> (0x0000000711c17a10) 
thrown [s\open\src\hotspot\share\prims\jni.cpp, line 535]
Event: 5316.593 Thread 0x000001d0cf8733b0 Exception <a 'java/net/SocketException'{0x0000000711c17f50}: Connection reset by peer: shutdown> (0x0000000711c17f50) 
thrown [s\open\src\hotspot\share\prims\jni.cpp, line 535]
Event: 5316.593 Thread 0x000001d0cf8733b0 Exception <a 'java/net/SocketException'{0x0000000711c183c8}: Connection reset by peer: shutdown> (0x0000000711c183c8) 
thrown [s\open\src\hotspot\share\prims\jni.cpp, line 535]
Event: 8054.296 Thread 0x000001d0cf8733b0 Exception <a 'java/net/SocketException'{0x0000000711c00c80}: Connection reset by peer: shutdown> (0x0000000711c00c80) 
thrown [s\open\src\hotspot\share\prims\jni.cpp, line 535]
Event: 8054.296 Thread 0x000001d0cf8733b0 Exception <a 'java/net/SocketException'{0x0000000711c011c0}: Connection reset by peer: shutdown> (0x0000000711c011c0) 
thrown [s\open\src\hotspot\share\prims\jni.cpp, line 535]
Event: 8054.296 Thread 0x000001d0cf8733b0 Exception <a 'java/net/SocketException'{0x0000000711c01700}: Connection reset by peer: shutdown> (0x0000000711c01700) 
thrown [s\open\src\hotspot\share\prims\jni.cpp, line 535]
Event: 8054.296 Thread 0x000001d0cf8733b0 Exception <a 'java/net/SocketException'{0x0000000711c01b78}: Connection reset by peer: shutdown> (0x0000000711c01b78) 
thrown [s\open\src\hotspot\share\prims\jni.cpp, line 535]

VM Operations (20 events):
Event: 8384.748 Executing VM operation: Cleanup
Event: 8384.748 Executing VM operation: Cleanup done
Event: 8642.764 Executing VM operation: Cleanup
Event: 8642.764 Executing VM operation: Cleanup done
Event: 8654.861 Executing VM operation: Cleanup
Event: 8654.861 Executing VM operation: Cleanup done
Event: 8715.249 Executing VM operation: Cleanup
Event: 8715.249 Executing VM operation: Cleanup done
Event: 8722.313 Executing VM operation: Cleanup
Event: 8722.313 Executing VM operation: Cleanup done
Event: 8742.451 Executing VM operation: Cleanup
Event: 8742.451 Executing VM operation: Cleanup done
Event: 8865.305 Executing VM operation: Cleanup
Event: 8865.305 Executing VM operation: Cleanup done
Event: 8895.084 Executing VM operation: HandshakeAllThreads
Event: 8895.084 Executing VM operation: HandshakeAllThreads done
Event: 8900.120 Executing VM operation: Cleanup
Event: 8900.120 Executing VM operation: Cleanup done
Event: 8925.346 Executing VM operation: Cleanup
Event: 8925.346 Executing VM operation: Cleanup done

Events (20 events):
Event: 7363.705 Thread 0x000001d080cf6f80 Thread added: 0x000001d080cf6f80
Event: 7363.705 Thread 0x000001d0802e2180 Thread added: 0x000001d0802e2180
Event: 7368.718 Thread 0x000001d0802e2180 Thread exited: 0x000001d0802e2180
Event: 7373.720 Thread 0x000001d080cf6f80 Thread exited: 0x000001d080cf6f80
Event: 8836.195 Thread 0x000001d08286b160 Thread added: 0x000001d08286b160
Event: 8836.195 Thread 0x000001d08286b670 Thread added: 0x000001d08286b670
Event: 8841.205 Thread 0x000001d08286b670 Thread exited: 0x000001d08286b670
Event: 8841.205 Thread 0x000001d08286b160 Thread exited: 0x000001d08286b160
Event: 8873.612 Thread 0x000001d08286b160 Thread added: 0x000001d08286b160
Event: 8873.612 Thread 0x000001d08286b670 Thread added: 0x000001d08286b670
Event: 8882.067 Thread 0x000001d08286b670 Thread exited: 0x000001d08286b670
Event: 8882.067 Thread 0x000001d08286b160 Thread exited: 0x000001d08286b160
Event: 8886.412 Thread 0x000001d08286d4d0 Thread added: 0x000001d08286d4d0
Event: 8886.413 Thread 0x000001d08286b160 Thread added: 0x000001d08286b160
Event: 8891.426 Thread 0x000001d08286d4d0 Thread exited: 0x000001d08286d4d0
Event: 8891.426 Thread 0x000001d08286b160 Thread exited: 0x000001d08286b160
Event: 8893.896 Thread 0x000001d08286b160 Thread added: 0x000001d08286b160
Event: 8893.896 Thread 0x000001d08286b670 Thread added: 0x000001d08286b670
Event: 8909.526 Thread 0x000001d08286b160 Thread exited: 0x000001d08286b160
Event: 8909.526 Thread 0x000001d08286b670 Thread exited: 0x000001d08286b670


Dynamic libraries:
0x00007ff7031d0000 - 0x00007ff7031e0000 	C:\Users\Gusnabo\.jdks\graalvm-jdk-17.0.10\bin\java.exe
0x00007ffb77d90000 - 0x00007ffb77f88000 	C:\WINDOWS\SYSTEM32\ntdll.dll
0x00007ffb775a0000 - 0x00007ffb7765f000 	C:\WINDOWS\System32\KERNEL32.DLL
0x00007ffb75890000 - 0x00007ffb75b86000 	C:\WINDOWS\System32\KERNELBASE.dll
0x00007ffb75630000 - 0x00007ffb75730000 	C:\WINDOWS\System32\ucrtbase.dll
0x00007ffb59f10000 - 0x00007ffb59f29000 	C:\Users\Gusnabo\.jdks\graalvm-jdk-17.0.10\bin\jli.dll
0x00007ffb4f450000 - 0x00007ffb4f46b000 	C:\Users\Gusnabo\.jdks\graalvm-jdk-17.0.10\bin\VCRUNTIME140.dll
0x00007ffb77780000 - 0x00007ffb7782f000 	C:\WINDOWS\System32\ADVAPI32.dll
0x00007ffb77500000 - 0x00007ffb7759e000 	C:\WINDOWS\System32\msvcrt.dll
0x00007ffb77cb0000 - 0x00007ffb77d4c000 	C:\WINDOWS\System32\sechost.dll
0x00007ffb779a0000 - 0x00007ffb77ac6000 	C:\WINDOWS\System32\RPCRT4.dll
0x00007ffb75df0000 - 0x00007ffb75f8d000 	C:\WINDOWS\System32\USER32.dll
0x00007ffb75600000 - 0x00007ffb75622000 	C:\WINDOWS\System32\win32u.dll
0x00007ffb53180000 - 0x00007ffb5341a000 	C:\WINDOWS\WinSxS\amd64_microsoft.windows.common-controls_6595b64144ccf1df_6.0.19041.1110_none_60b5254171f9507e\COMCTL32.dll
0x00007ffb764b0000 - 0x00007ffb764dc000 	C:\WINDOWS\System32\GDI32.dll
0x00007ffb75c30000 - 0x00007ffb75d45000 	C:\WINDOWS\System32\gdi32full.dll
0x00007ffb75b90000 - 0x00007ffb75c2d000 	C:\WINDOWS\System32\msvcp_win.dll
0x00007ffb6db40000 - 0x00007ffb6db4a000 	C:\WINDOWS\SYSTEM32\VERSION.dll
0x00007ffb77900000 - 0x00007ffb77930000 	C:\WINDOWS\System32\IMM32.DLL
0x00007ffb70f40000 - 0x00007ffb70f4c000 	C:\Users\Gusnabo\.jdks\graalvm-jdk-17.0.10\bin\vcruntime140_1.dll
0x00007ffb06d60000 - 0x00007ffb06dee000 	C:\Users\Gusnabo\.jdks\graalvm-jdk-17.0.10\bin\msvcp140.dll
0x00007ffadb620000 - 0x00007ffadc1f5000 	C:\Users\Gusnabo\.jdks\graalvm-jdk-17.0.10\bin\server\jvm.dll
0x00007ffb764a0000 - 0x00007ffb764a8000 	C:\WINDOWS\System32\PSAPI.DLL
0x00007ffb68b80000 - 0x00007ffb68ba7000 	C:\WINDOWS\SYSTEM32\WINMM.dll
0x00007ffb59170000 - 0x00007ffb59179000 	C:\WINDOWS\SYSTEM32\WSOCK32.dll
0x00007ffb77930000 - 0x00007ffb7799b000 	C:\WINDOWS\System32\WS2_32.dll
0x00007ffb732f0000 - 0x00007ffb73302000 	C:\WINDOWS\SYSTEM32\kernel.appcore.dll
0x00007ffb70f20000 - 0x00007ffb70f2a000 	C:\Users\Gusnabo\.jdks\graalvm-jdk-17.0.10\bin\jimage.dll
0x00007ffb578a0000 - 0x00007ffb57a84000 	C:\WINDOWS\SYSTEM32\DBGHELP.DLL
0x00007ffb56e70000 - 0x00007ffb56ea4000 	C:\WINDOWS\SYSTEM32\dbgcore.DLL
0x00007ffb75470000 - 0x00007ffb754f2000 	C:\WINDOWS\System32\bcryptPrimitives.dll
0x00007ffb4a3b0000 - 0x00007ffb4a3be000 	C:\Users\Gusnabo\.jdks\graalvm-jdk-17.0.10\bin\instrument.dll
0x00007ffb46920000 - 0x00007ffb46945000 	C:\Users\Gusnabo\.jdks\graalvm-jdk-17.0.10\bin\java.dll
0x00007ffb026d0000 - 0x00007ffb027a7000 	C:\Users\Gusnabo\.jdks\graalvm-jdk-17.0.10\bin\jsvml.dll
0x00007ffb76790000 - 0x00007ffb76ed4000 	C:\WINDOWS\System32\SHELL32.dll
0x00007ffb734f0000 - 0x00007ffb73c83000 	C:\WINDOWS\SYSTEM32\windows.storage.dll
0x00007ffb75f90000 - 0x00007ffb762e4000 	C:\WINDOWS\System32\combase.dll
0x00007ffb74d60000 - 0x00007ffb74d8e000 	C:\WINDOWS\SYSTEM32\Wldp.dll
0x00007ffb77c00000 - 0x00007ffb77cad000 	C:\WINDOWS\System32\SHCORE.dll
0x00007ffb77840000 - 0x00007ffb77895000 	C:\WINDOWS\System32\shlwapi.dll
0x00007ffb753a0000 - 0x00007ffb753c5000 	C:\WINDOWS\SYSTEM32\profapi.dll
0x00007ffb436c0000 - 0x00007ffb436d8000 	C:\Users\Gusnabo\.jdks\graalvm-jdk-17.0.10\bin\zip.dll
0x00007ffad8bc0000 - 0x00007ffadb61b000 	C:\Users\Gusnabo\.jdks\graalvm-jdk-17.0.10\bin\jvmcicompiler.dll
0x00007ffb75730000 - 0x00007ffb7588e000 	C:\WINDOWS\System32\CRYPT32.dll
0x00007ffb75360000 - 0x00007ffb7538e000 	C:\WINDOWS\SYSTEM32\USERENV.dll
0x00007ffb74ae0000 - 0x00007ffb74b4a000 	C:\WINDOWS\SYSTEM32\MSWSOCK.dll
0x00007ffb74f20000 - 0x00007ffb74f48000 	C:\WINDOWS\SYSTEM32\ncrypt.dll
0x00007ffb747f0000 - 0x00007ffb7482b000 	C:\WINDOWS\SYSTEM32\IPHLPAPI.DLL
0x00007ffb74ee0000 - 0x00007ffb74f1b000 	C:\WINDOWS\SYSTEM32\NTASN1.dll
0x00007ffb46860000 - 0x00007ffb46879000 	C:\Users\Gusnabo\.jdks\graalvm-jdk-17.0.10\bin\net.dll
0x00007ffb6f140000 - 0x00007ffb6f24a000 	C:\WINDOWS\SYSTEM32\WINHTTP.dll
0x00007ffb436e0000 - 0x00007ffb436f6000 	C:\Users\Gusnabo\.jdks\graalvm-jdk-17.0.10\bin\nio.dll
0x00007ffb46970000 - 0x00007ffb4698a000 	D:\IntelliJ IDEA Community Edition 2023.3.6\bin\breakgen64.dll
0x00007ffb59fc0000 - 0x00007ffb59fd0000 	C:\Users\Gusnabo\.jdks\graalvm-jdk-17.0.10\bin\verify.dll
0x00007ffb47330000 - 0x00007ffb4733a000 	C:\Users\Gusnabo\.jdks\graalvm-jdk-17.0.10\bin\management.dll
0x00007ffb47320000 - 0x00007ffb4732b000 	C:\Users\Gusnabo\.jdks\graalvm-jdk-17.0.10\bin\management_ext.dll
0x00007ffb77830000 - 0x00007ffb77838000 	C:\WINDOWS\System32\NSI.dll
0x00007ffb6fe20000 - 0x00007ffb6fe37000 	C:\WINDOWS\SYSTEM32\dhcpcsvc6.DLL
0x00007ffb6fe00000 - 0x00007ffb6fe1d000 	C:\WINDOWS\SYSTEM32\dhcpcsvc.DLL
0x00007ffb74830000 - 0x00007ffb748fa000 	C:\WINDOWS\SYSTEM32\DNSAPI.dll
0x0000000062800000 - 0x0000000062826000 	C:\Program Files\Bonjour\mdnsNSP.dll
0x00007ffb66f70000 - 0x00007ffb66f7a000 	C:\Windows\System32\rasadhlp.dll
0x00007ffb667a0000 - 0x00007ffb66822000 	C:\WINDOWS\System32\fwpuclnt.dll
0x00007ffb75d50000 - 0x00007ffb75d77000 	C:\WINDOWS\System32\bcrypt.dll
0x00007ffb428a0000 - 0x00007ffb428b7000 	C:\WINDOWS\system32\napinsp.dll
0x00007ffb41f00000 - 0x00007ffb41f1b000 	C:\WINDOWS\system32\pnrpnsp.dll
0x00007ffb43540000 - 0x00007ffb43555000 	C:\WINDOWS\system32\wshbth.dll
0x00007ffb70da0000 - 0x00007ffb70dbd000 	C:\WINDOWS\system32\NLAapi.dll
0x00007ffb41ee0000 - 0x00007ffb41ef2000 	C:\WINDOWS\System32\winrnr.dll
0x00007ffb74e10000 - 0x00007ffb74e28000 	C:\WINDOWS\SYSTEM32\CRYPTSP.dll
0x00007ffb74410000 - 0x00007ffb74444000 	C:\WINDOWS\system32\rsaenh.dll
0x00007ffb74cd0000 - 0x00007ffb74cdc000 	C:\WINDOWS\SYSTEM32\CRYPTBASE.dll
0x00007ffb4cac0000 - 0x00007ffb4cace000 	C:\Users\Gusnabo\.jdks\graalvm-jdk-17.0.10\bin\sunmscapi.dll
0x00007ffb5ae50000 - 0x00007ffb5ae57000 	C:\WINDOWS\system32\wshunix.dll

dbghelp: loaded successfully - version: 4.0.5 - missing functions: none
symbol engine: initialized successfully - sym options: 0x614 - pdb path: .;C:\Users\Gusnabo\.jdks\graalvm-jdk-17.0.10\bin;C:\WINDOWS\SYSTEM32;C:\WINDOWS\WinSxS\amd64_microsoft.windows.common-controls_6595b64144ccf1df_6.0.19041.1110_none_60b5254171f9507e;C:\Users\Gusnabo\.jdks\graalvm-jdk-17.0.10\bin\server;D:\IntelliJ IDEA Community Edition 2023.3.6\bin;C:\Program Files\Bonjour

VM Arguments:
jvm_args: -XX:ThreadPriorityPolicy=1 -XX:+UnlockExperimentalVMOptions -XX:+EnableJVMCIProduct -XX:-UnlockExperimentalVMOptions -javaagent:D:\IntelliJ IDEA Community Edition 2023.3.6\lib\idea_rt.jar=56140:D:\IntelliJ IDEA Community Edition 2023.3.6\bin -Dfile.encoding=UTF-8 
java_command: com.br.mstravelplan.mstravelplan
java_class_path (initial): D:\insurance-demo\mspolicycoverage\target\classes;C:\Users\Gusnabo\.m2\repository\org\springframework\boot\spring-boot-starter-data-jpa\2.6.6\spring-boot-starter-data-jpa-2.6.6.jar;C:\Users\Gusnabo\.m2\repository\org\springframework\boot\spring-boot-starter-aop\2.6.6\spring-boot-starter-aop-2.6.6.jar;C:\Users\Gusnabo\.m2\repository\org\springframework\spring-aop\5.3.18\spring-aop-5.3.18.jar;C:\Users\Gusnabo\.m2\repository\org\aspectj\aspectjweaver\1.9.7\aspectjweaver-1.9.7.jar;C:\Users\Gusnabo\.m2\repository\org\springframework\boot\spring-boot-starter-jdbc\2.6.6\spring-boot-starter-jdbc-2.6.6.jar;C:\Users\Gusnabo\.m2\repository\com\zaxxer\HikariCP\4.0.3\HikariCP-4.0.3.jar;C:\Users\Gusnabo\.m2\repository\org\springframework\spring-jdbc\5.3.18\spring-jdbc-5.3.18.jar;C:\Users\Gusnabo\.m2\repository\jakarta\transaction\jakarta.transaction-api\1.3.3\jakarta.transaction-api-1.3.3.jar;C:\Users\Gusnabo\.m2\repository\jakarta\persistence\jakarta.persistence-api\2.2.3\jakarta.persistence-api-2.2.3.jar;C:\Users\Gusnabo\.m2\repository\org\hibernate\hibernate-core\5.6.7.Final\hibernate-core-5.6.7.Final.jar;C:\Users\Gusnabo\.m2\repository\org\jboss\logging\jboss-logging\3.4.3.Final\jboss-logging-3.4.3.Final.jar;C:\Users\Gusnabo\.m2\repository\net\bytebuddy\byte-buddy\1.11.22\byte-buddy-1.11.22.jar;C:\Users\Gusnabo\.m2\repository\antlr\antlr\2.7.7\antlr-2.7.7.jar;C:\Users\Gusnabo\.m2\repository\org\jboss\jandex\2.4.2.Final\jandex-2.4.2.Final.jar;C:\Users\Gusnabo\.m2\repository\com\fasterxml\classmate\1.5.1\classmate-1.5.1.jar;C:\Users\Gusnabo\.m2\repository\org\hibernate\common\hibernate-commons-annotations\5.1.2.Final\hibernate-commons-annotations-5.1.2.Final.jar;C:\Users\Gusnabo\.m2\repository\org\glassfish\jaxb\jaxb-runtime\2.3.6\jaxb-runtime-2.3.6.jar;C:\Users\Gusnabo\.m2\repository\org\glassfish\jaxb\txw2\2.3.6\txw2-2.3.6.jar;C:\Users\Gusnabo\.m2\repository\com\sun\istack\istack-commons-runtime\3.0.12\istack-commons-runtime-3.0.12.jar;C:\Users\Gu
Launcher Type: SUN_STANDARD

[Global flags]
     intx CICompilerCount                          = 4                                         {product} {ergonomic}
     uint ConcGCThreads                            = 3                                         {product} {ergonomic}
     bool EnableJVMCIProduct                       = true                                {JVMCI product} {jimage}
     uint G1ConcRefinementThreads                  = 10                                        {product} {ergonomic}
   size_t G1HeapRegionSize                         = 2097152                                   {product} {ergonomic}
    uintx GCDrainStackTargetSize                   = 64                                        {product} {ergonomic}
   size_t InitialHeapSize                          = 266338304                                 {product} {ergonomic}
   size_t MarkStackSize                            = 4194304                                   {product} {ergonomic}
   size_t MaxHeapSize                              = 4261412864                                {product} {ergonomic}
   size_t MaxNewSize                               = 2556428288                                {product} {ergonomic}
   size_t MinHeapDeltaBytes                        = 2097152                                   {product} {ergonomic}
   size_t MinHeapSize                              = 8388608                                   {product} {ergonomic}
    uintx NonNMethodCodeHeapSize                   = 6979620                                {pd product} {ergonomic}
    uintx NonProfiledCodeHeapSize                  = 122339310                              {pd product} {ergonomic}
    uintx ProfiledCodeHeapSize                     = 122339310                              {pd product} {ergonomic}
    uintx ReservedCodeCacheSize                    = 251658240                              {pd product} {ergonomic}
     bool SegmentedCodeCache                       = true                                      {product} {ergonomic}
   size_t SoftMaxHeapSize                          = 4261412864                             {manageable} {ergonomic}
     intx ThreadPriorityPolicy                     = 1                                         {product} {jimage}
     bool UseCompressedClassPointers               = true                           {product lp64_product} {ergonomic}
     bool UseCompressedOops                        = true                           {product lp64_product} {ergonomic}
     bool UseG1GC                                  = true                                      {product} {ergonomic}
     bool UseLargePagesIndividualAllocation        = false                                  {pd product} {ergonomic}

Logging:
Log output configuration:
 #0: stdout all=warning uptime,level,tags
 #1: stderr all=off uptime,level,tags

Environment Variables:
JAVA_HOME=C:\Users\Gusnabo\.jdks\graalvm-jdk-17.0.10
PATH=C:\Users\Gusnabo\.jdks\graalvm-jdk-17.0.10;C:\WINDOWS\system32;C:\WINDOWS;C:\WINDOWS\System32\Wbem;C:\WINDOWS\System32\WindowsPowerShell\v1.0\;C:\WINDOWS\System32\OpenSSH\;C:\Program Files\NVIDIA Corporation\NVIDIA NvDLISR;D:\Java\jdk1.8.0_301\bin;C:\Program Files\Microsoft SQL Server\Client SDK\ODBC\110\Tools\Binn\;C:\Program Files (x86)\Microsoft SQL Server\120\Tools\Binn\;C:\Program Files\Microsoft SQL Server\120\Tools\Binn\;C:\Program Files\Microsoft SQL Server\120\DTS\Binn\;C:\Program Files (x86)\Windows Kits\8.1\Windows Performance Toolkit\;C:\Users\Gusnabo\AppData\Roaming\nvm;C:\Program Files\nodejs;C:\Program Files\Docker\Docker\resources\bin;C:\Program Files\Git\cmd;D:\tortoise\bin;C:\Users\Gusnabo\AppData\Local\Microsoft\WindowsApps;D:\apache-maven-3.8.4\bin;C:\Users\Gusnabo\AppData\Roaming\nvm;C:\Program Files\nodejs;D:\IntelliJ IDEA Community Edition 2023.3.6\bin;;D:\Microsoft VS Code\bin;C:\Users\Gusnabo\.jdks\graalvm-jdk-17.0.10;
USERNAME=Gusnabo
OS=Windows_NT
PROCESSOR_IDENTIFIER=Intel64 Family 6 Model 165 Stepping 5, GenuineIntel



---------------  S Y S T E M  ---------------

OS:
 Windows 10 , 64 bit Build 19041 (10.0.19041.3155)
OS uptime: 0 days 11:51 hours
Hyper-V role detected

CPU: total 12 (initial active 12) (6 cores per cpu, 2 threads per core) family 6 model 165 stepping 5 microcode 0xe2, cx8, cmov, fxsr, ht, mmx, 3dnowpref, sse, sse2, sse3, ssse3, sse4.1, sse4.2, popcnt, lzcnt, tsc, tscinvbit, avx, avx2, aes, erms, clmul, bmi1, bmi2, adx, fma, vzeroupper, clflush, clflushopt, hv

Memory: 4k page, system-wide physical 16251M (2550M free)
TotalPageFile size 25311M (AvailPageFile size 5M)
current process WorkingSet (physical memory assigned to process): 172M, peak: 313M
current process commit charge ("private bytes"): 357M, peak: 427M

vm_info: Java HotSpot(TM) 64-Bit Server VM (17.0.10+11-LTS-jvmci-23.0-b27) for windows-amd64 JRE (17.0.10+11-LTS-jvmci-23.0-b27), built on Dec 20 2023 07:24:22 by "" with MS VC++ 17.1 (VS2022)

END.
